<?xml version="1.0" encoding="UTF-8"?>
<testsuite xmlns:xsi="http://www.w3.org/2001/XMLSchema-instance" xsi:noNamespaceSchemaLocation="https://maven.apache.org/surefire/maven-failsafe-plugin/xsd/failsafe-test-report-3.0.xsd" version="3.0" name="Create Entity" time="4.483" tests="1" errors="0" skipped="0" failures="0">
  <properties>
    <property name="gopherProxySet" value="false"/>
    <property name="awt.toolkit" value="sun.lwawt.macosx.LWCToolkit"/>
    <property name="file.encoding.pkg" value="sun.io"/>
    <property name="java.specification.version" value="1.8"/>
    <property name="sun.cpu.isalist" value=""/>
    <property name="sun.jnu.encoding" value="UTF-8"/>
    <property name="java.class.path" value="/Users/vinod.siragaon/workspace/ChessUI-Tests/target/test-classes:/Users/vinod.siragaon/workspace/ChessUI-Tests/target/ChessUI-Tests-0.0.1-SNAPSHOT.jar:/Users/vinod.siragaon/.m2/repository/junit/junit/4.12/junit-4.12.jar:/Users/vinod.siragaon/.m2/repository/org/hamcrest/hamcrest-core/1.3/hamcrest-core-1.3.jar:/Users/vinod.siragaon/.m2/repository/io/cucumber/cucumber-java/4.2.6/cucumber-java-4.2.6.jar:/Users/vinod.siragaon/.m2/repository/io/cucumber/cucumber-core/4.2.6/cucumber-core-4.2.6.jar:/Users/vinod.siragaon/.m2/repository/io/cucumber/cucumber-html/0.2.7/cucumber-html-0.2.7.jar:/Users/vinod.siragaon/.m2/repository/io/cucumber/tag-expressions/1.1.1/tag-expressions-1.1.1.jar:/Users/vinod.siragaon/.m2/repository/io/cucumber/cucumber-expressions/6.2.0/cucumber-expressions-6.2.0.jar:/Users/vinod.siragaon/.m2/repository/io/cucumber/datatable/1.1.12/datatable-1.1.12.jar:/Users/vinod.siragaon/.m2/repository/io/cucumber/datatable-dependencies/1.1.12/datatable-dependencies-1.1.12.jar:/Users/vinod.siragaon/.m2/repository/io/cucumber/cucumber-junit/4.2.6/cucumber-junit-4.2.6.jar:/Users/vinod.siragaon/.m2/repository/io/cucumber/cucumber-picocontainer/4.2.6/cucumber-picocontainer-4.2.6.jar:/Users/vinod.siragaon/.m2/repository/org/picocontainer/picocontainer/2.15/picocontainer-2.15.jar:/Users/vinod.siragaon/.m2/repository/org/seleniumhq/selenium/selenium-java/3.141.59/selenium-java-3.141.59.jar:/Users/vinod.siragaon/.m2/repository/org/seleniumhq/selenium/selenium-api/3.141.59/selenium-api-3.141.59.jar:/Users/vinod.siragaon/.m2/repository/org/seleniumhq/selenium/selenium-chrome-driver/3.141.59/selenium-chrome-driver-3.141.59.jar:/Users/vinod.siragaon/.m2/repository/org/seleniumhq/selenium/selenium-edge-driver/3.141.59/selenium-edge-driver-3.141.59.jar:/Users/vinod.siragaon/.m2/repository/org/seleniumhq/selenium/selenium-firefox-driver/3.141.59/selenium-firefox-driver-3.141.59.jar:/Users/vinod.siragaon/.m2/repository/org/seleniumhq/selenium/selenium-ie-driver/3.141.59/selenium-ie-driver-3.141.59.jar:/Users/vinod.siragaon/.m2/repository/org/seleniumhq/selenium/selenium-opera-driver/3.141.59/selenium-opera-driver-3.141.59.jar:/Users/vinod.siragaon/.m2/repository/org/seleniumhq/selenium/selenium-remote-driver/3.141.59/selenium-remote-driver-3.141.59.jar:/Users/vinod.siragaon/.m2/repository/org/seleniumhq/selenium/selenium-safari-driver/3.141.59/selenium-safari-driver-3.141.59.jar:/Users/vinod.siragaon/.m2/repository/org/seleniumhq/selenium/selenium-support/3.141.59/selenium-support-3.141.59.jar:/Users/vinod.siragaon/.m2/repository/net/bytebuddy/byte-buddy/1.8.15/byte-buddy-1.8.15.jar:/Users/vinod.siragaon/.m2/repository/org/apache/commons/commons-exec/1.3/commons-exec-1.3.jar:/Users/vinod.siragaon/.m2/repository/com/google/guava/guava/25.0-jre/guava-25.0-jre.jar:/Users/vinod.siragaon/.m2/repository/com/google/code/findbugs/jsr305/1.3.9/jsr305-1.3.9.jar:/Users/vinod.siragaon/.m2/repository/org/checkerframework/checker-compat-qual/2.0.0/checker-compat-qual-2.0.0.jar:/Users/vinod.siragaon/.m2/repository/com/google/errorprone/error_prone_annotations/2.1.3/error_prone_annotations-2.1.3.jar:/Users/vinod.siragaon/.m2/repository/com/google/j2objc/j2objc-annotations/1.1/j2objc-annotations-1.1.jar:/Users/vinod.siragaon/.m2/repository/org/codehaus/mojo/animal-sniffer-annotations/1.14/animal-sniffer-annotations-1.14.jar:/Users/vinod.siragaon/.m2/repository/com/squareup/okhttp3/okhttp/3.11.0/okhttp-3.11.0.jar:/Users/vinod.siragaon/.m2/repository/com/squareup/okio/okio/1.14.0/okio-1.14.0.jar:/Users/vinod.siragaon/.m2/repository/net/masterthought/cucumber-reporting/4.4.0/cucumber-reporting-4.4.0.jar:/Users/vinod.siragaon/.m2/repository/com/fasterxml/jackson/core/jackson-databind/2.9.8/jackson-databind-2.9.8.jar:/Users/vinod.siragaon/.m2/repository/com/fasterxml/jackson/core/jackson-annotations/2.9.0/jackson-annotations-2.9.0.jar:/Users/vinod.siragaon/.m2/repository/com/fasterxml/jackson/core/jackson-core/2.9.8/jackson-core-2.9.8.jar:/Users/vinod.siragaon/.m2/repository/org/apache/velocity/velocity/1.7/velocity-1.7.jar:/Users/vinod.siragaon/.m2/repository/commons-collections/commons-collections/3.2.1/commons-collections-3.2.1.jar:/Users/vinod.siragaon/.m2/repository/commons-lang/commons-lang/2.4/commons-lang-2.4.jar:/Users/vinod.siragaon/.m2/repository/velocity-tools/velocity-tools/1.4/velocity-tools-1.4.jar:/Users/vinod.siragaon/.m2/repository/joda-time/joda-time/2.10.1/joda-time-2.10.1.jar:/Users/vinod.siragaon/.m2/repository/org/apache/commons/commons-lang3/3.8.1/commons-lang3-3.8.1.jar:/Users/vinod.siragaon/.m2/repository/commons-io/commons-io/2.6/commons-io-2.6.jar:/Users/vinod.siragaon/.m2/repository/org/codehaus/plexus/plexus-utils/3.1.1/plexus-utils-3.1.1.jar:/Users/vinod.siragaon/.m2/repository/org/jsoup/jsoup/1.11.3/jsoup-1.11.3.jar:/Users/vinod.siragaon/.m2/repository/com/googlecode/owasp-java-html-sanitizer/owasp-java-html-sanitizer/20181114.1/owasp-java-html-sanitizer-20181114.1.jar:/Users/vinod.siragaon/.m2/repository/commons-configuration/commons-configuration/1.10/commons-configuration-1.10.jar:/Users/vinod.siragaon/.m2/repository/commons-logging/commons-logging/1.1.1/commons-logging-1.1.1.jar:/Users/vinod.siragaon/.m2/repository/org/json/json/20180813/json-20180813.jar:/Users/vinod.siragaon/.m2/repository/com/jayway/restassured/rest-assured/2.9.0/rest-assured-2.9.0.jar:/Users/vinod.siragaon/.m2/repository/org/codehaus/groovy/groovy/2.4.4/groovy-2.4.4.jar:/Users/vinod.siragaon/.m2/repository/org/codehaus/groovy/groovy-xml/2.4.4/groovy-xml-2.4.4.jar:/Users/vinod.siragaon/.m2/repository/org/apache/httpcomponents/httpclient/4.5.1/httpclient-4.5.1.jar:/Users/vinod.siragaon/.m2/repository/org/apache/httpcomponents/httpcore/4.4.3/httpcore-4.4.3.jar:/Users/vinod.siragaon/.m2/repository/commons-codec/commons-codec/1.9/commons-codec-1.9.jar:/Users/vinod.siragaon/.m2/repository/org/apache/httpcomponents/httpmime/4.5.1/httpmime-4.5.1.jar:/Users/vinod.siragaon/.m2/repository/org/hamcrest/hamcrest-library/1.3/hamcrest-library-1.3.jar:/Users/vinod.siragaon/.m2/repository/org/ccil/cowan/tagsoup/tagsoup/1.2.1/tagsoup-1.2.1.jar:/Users/vinod.siragaon/.m2/repository/com/jayway/restassured/json-path/2.9.0/json-path-2.9.0.jar:/Users/vinod.siragaon/.m2/repository/org/codehaus/groovy/groovy-json/2.4.4/groovy-json-2.4.4.jar:/Users/vinod.siragaon/.m2/repository/com/jayway/restassured/rest-assured-common/2.9.0/rest-assured-common-2.9.0.jar:/Users/vinod.siragaon/.m2/repository/com/jayway/restassured/xml-path/2.9.0/xml-path-2.9.0.jar:/Users/vinod.siragaon/.m2/repository/de/monochromata/cucumber/reporting-plugin/3.0.12/reporting-plugin-3.0.12.jar:/Users/vinod.siragaon/.m2/repository/io/cucumber/gherkin/5.1.0/gherkin-5.1.0.jar:/Users/vinod.siragaon/.m2/repository/io/cucumber/gherkin-jvm-deps/1.0.4/gherkin-jvm-deps-1.0.4.jar:"/>
    <property name="java.vm.vendor" value="AdoptOpenJDK"/>
    <property name="sun.arch.data.model" value="64"/>
    <property name="java.vendor.url" value="http://java.oracle.com/"/>
    <property name="user.timezone" value=""/>
    <property name="java.vm.specification.version" value="1.8"/>
    <property name="os.name" value="Mac OS X"/>
    <property name="user.country" value="US"/>
    <property name="sun.java.launcher" value="SUN_STANDARD"/>
    <property name="sun.boot.library.path" value="/Library/Java/JavaVirtualMachines/adoptopenjdk-8.jdk/Contents/Home/jre/lib"/>
    <property name="sun.java.command" value="/Users/vinod.siragaon/workspace/ChessUI-Tests/target/surefire/surefirebooter2031188374945648112.jar /Users/vinod.siragaon/workspace/ChessUI-Tests/target/surefire 2019-11-06T16-44-18_862-jvmRun1 surefire2808174033727880762tmp surefire_03827308079433178533tmp"/>
    <property name="http.nonProxyHosts" value="local|*.local|169.254/16|*.169.254/16"/>
    <property name="surefire.test.class.path" value="/Users/vinod.siragaon/workspace/ChessUI-Tests/target/test-classes:/Users/vinod.siragaon/workspace/ChessUI-Tests/target/ChessUI-Tests-0.0.1-SNAPSHOT.jar:/Users/vinod.siragaon/.m2/repository/junit/junit/4.12/junit-4.12.jar:/Users/vinod.siragaon/.m2/repository/org/hamcrest/hamcrest-core/1.3/hamcrest-core-1.3.jar:/Users/vinod.siragaon/.m2/repository/io/cucumber/cucumber-java/4.2.6/cucumber-java-4.2.6.jar:/Users/vinod.siragaon/.m2/repository/io/cucumber/cucumber-core/4.2.6/cucumber-core-4.2.6.jar:/Users/vinod.siragaon/.m2/repository/io/cucumber/cucumber-html/0.2.7/cucumber-html-0.2.7.jar:/Users/vinod.siragaon/.m2/repository/io/cucumber/tag-expressions/1.1.1/tag-expressions-1.1.1.jar:/Users/vinod.siragaon/.m2/repository/io/cucumber/cucumber-expressions/6.2.0/cucumber-expressions-6.2.0.jar:/Users/vinod.siragaon/.m2/repository/io/cucumber/datatable/1.1.12/datatable-1.1.12.jar:/Users/vinod.siragaon/.m2/repository/io/cucumber/datatable-dependencies/1.1.12/datatable-dependencies-1.1.12.jar:/Users/vinod.siragaon/.m2/repository/io/cucumber/cucumber-junit/4.2.6/cucumber-junit-4.2.6.jar:/Users/vinod.siragaon/.m2/repository/io/cucumber/cucumber-picocontainer/4.2.6/cucumber-picocontainer-4.2.6.jar:/Users/vinod.siragaon/.m2/repository/org/picocontainer/picocontainer/2.15/picocontainer-2.15.jar:/Users/vinod.siragaon/.m2/repository/org/seleniumhq/selenium/selenium-java/3.141.59/selenium-java-3.141.59.jar:/Users/vinod.siragaon/.m2/repository/org/seleniumhq/selenium/selenium-api/3.141.59/selenium-api-3.141.59.jar:/Users/vinod.siragaon/.m2/repository/org/seleniumhq/selenium/selenium-chrome-driver/3.141.59/selenium-chrome-driver-3.141.59.jar:/Users/vinod.siragaon/.m2/repository/org/seleniumhq/selenium/selenium-edge-driver/3.141.59/selenium-edge-driver-3.141.59.jar:/Users/vinod.siragaon/.m2/repository/org/seleniumhq/selenium/selenium-firefox-driver/3.141.59/selenium-firefox-driver-3.141.59.jar:/Users/vinod.siragaon/.m2/repository/org/seleniumhq/selenium/selenium-ie-driver/3.141.59/selenium-ie-driver-3.141.59.jar:/Users/vinod.siragaon/.m2/repository/org/seleniumhq/selenium/selenium-opera-driver/3.141.59/selenium-opera-driver-3.141.59.jar:/Users/vinod.siragaon/.m2/repository/org/seleniumhq/selenium/selenium-remote-driver/3.141.59/selenium-remote-driver-3.141.59.jar:/Users/vinod.siragaon/.m2/repository/org/seleniumhq/selenium/selenium-safari-driver/3.141.59/selenium-safari-driver-3.141.59.jar:/Users/vinod.siragaon/.m2/repository/org/seleniumhq/selenium/selenium-support/3.141.59/selenium-support-3.141.59.jar:/Users/vinod.siragaon/.m2/repository/net/bytebuddy/byte-buddy/1.8.15/byte-buddy-1.8.15.jar:/Users/vinod.siragaon/.m2/repository/org/apache/commons/commons-exec/1.3/commons-exec-1.3.jar:/Users/vinod.siragaon/.m2/repository/com/google/guava/guava/25.0-jre/guava-25.0-jre.jar:/Users/vinod.siragaon/.m2/repository/com/google/code/findbugs/jsr305/1.3.9/jsr305-1.3.9.jar:/Users/vinod.siragaon/.m2/repository/org/checkerframework/checker-compat-qual/2.0.0/checker-compat-qual-2.0.0.jar:/Users/vinod.siragaon/.m2/repository/com/google/errorprone/error_prone_annotations/2.1.3/error_prone_annotations-2.1.3.jar:/Users/vinod.siragaon/.m2/repository/com/google/j2objc/j2objc-annotations/1.1/j2objc-annotations-1.1.jar:/Users/vinod.siragaon/.m2/repository/org/codehaus/mojo/animal-sniffer-annotations/1.14/animal-sniffer-annotations-1.14.jar:/Users/vinod.siragaon/.m2/repository/com/squareup/okhttp3/okhttp/3.11.0/okhttp-3.11.0.jar:/Users/vinod.siragaon/.m2/repository/com/squareup/okio/okio/1.14.0/okio-1.14.0.jar:/Users/vinod.siragaon/.m2/repository/net/masterthought/cucumber-reporting/4.4.0/cucumber-reporting-4.4.0.jar:/Users/vinod.siragaon/.m2/repository/com/fasterxml/jackson/core/jackson-databind/2.9.8/jackson-databind-2.9.8.jar:/Users/vinod.siragaon/.m2/repository/com/fasterxml/jackson/core/jackson-annotations/2.9.0/jackson-annotations-2.9.0.jar:/Users/vinod.siragaon/.m2/repository/com/fasterxml/jackson/core/jackson-core/2.9.8/jackson-core-2.9.8.jar:/Users/vinod.siragaon/.m2/repository/org/apache/velocity/velocity/1.7/velocity-1.7.jar:/Users/vinod.siragaon/.m2/repository/commons-collections/commons-collections/3.2.1/commons-collections-3.2.1.jar:/Users/vinod.siragaon/.m2/repository/commons-lang/commons-lang/2.4/commons-lang-2.4.jar:/Users/vinod.siragaon/.m2/repository/velocity-tools/velocity-tools/1.4/velocity-tools-1.4.jar:/Users/vinod.siragaon/.m2/repository/joda-time/joda-time/2.10.1/joda-time-2.10.1.jar:/Users/vinod.siragaon/.m2/repository/org/apache/commons/commons-lang3/3.8.1/commons-lang3-3.8.1.jar:/Users/vinod.siragaon/.m2/repository/commons-io/commons-io/2.6/commons-io-2.6.jar:/Users/vinod.siragaon/.m2/repository/org/codehaus/plexus/plexus-utils/3.1.1/plexus-utils-3.1.1.jar:/Users/vinod.siragaon/.m2/repository/org/jsoup/jsoup/1.11.3/jsoup-1.11.3.jar:/Users/vinod.siragaon/.m2/repository/com/googlecode/owasp-java-html-sanitizer/owasp-java-html-sanitizer/20181114.1/owasp-java-html-sanitizer-20181114.1.jar:/Users/vinod.siragaon/.m2/repository/commons-configuration/commons-configuration/1.10/commons-configuration-1.10.jar:/Users/vinod.siragaon/.m2/repository/commons-logging/commons-logging/1.1.1/commons-logging-1.1.1.jar:/Users/vinod.siragaon/.m2/repository/org/json/json/20180813/json-20180813.jar:/Users/vinod.siragaon/.m2/repository/com/jayway/restassured/rest-assured/2.9.0/rest-assured-2.9.0.jar:/Users/vinod.siragaon/.m2/repository/org/codehaus/groovy/groovy/2.4.4/groovy-2.4.4.jar:/Users/vinod.siragaon/.m2/repository/org/codehaus/groovy/groovy-xml/2.4.4/groovy-xml-2.4.4.jar:/Users/vinod.siragaon/.m2/repository/org/apache/httpcomponents/httpclient/4.5.1/httpclient-4.5.1.jar:/Users/vinod.siragaon/.m2/repository/org/apache/httpcomponents/httpcore/4.4.3/httpcore-4.4.3.jar:/Users/vinod.siragaon/.m2/repository/commons-codec/commons-codec/1.9/commons-codec-1.9.jar:/Users/vinod.siragaon/.m2/repository/org/apache/httpcomponents/httpmime/4.5.1/httpmime-4.5.1.jar:/Users/vinod.siragaon/.m2/repository/org/hamcrest/hamcrest-library/1.3/hamcrest-library-1.3.jar:/Users/vinod.siragaon/.m2/repository/org/ccil/cowan/tagsoup/tagsoup/1.2.1/tagsoup-1.2.1.jar:/Users/vinod.siragaon/.m2/repository/com/jayway/restassured/json-path/2.9.0/json-path-2.9.0.jar:/Users/vinod.siragaon/.m2/repository/org/codehaus/groovy/groovy-json/2.4.4/groovy-json-2.4.4.jar:/Users/vinod.siragaon/.m2/repository/com/jayway/restassured/rest-assured-common/2.9.0/rest-assured-common-2.9.0.jar:/Users/vinod.siragaon/.m2/repository/com/jayway/restassured/xml-path/2.9.0/xml-path-2.9.0.jar:/Users/vinod.siragaon/.m2/repository/de/monochromata/cucumber/reporting-plugin/3.0.12/reporting-plugin-3.0.12.jar:/Users/vinod.siragaon/.m2/repository/io/cucumber/gherkin/5.1.0/gherkin-5.1.0.jar:/Users/vinod.siragaon/.m2/repository/io/cucumber/gherkin-jvm-deps/1.0.4/gherkin-jvm-deps-1.0.4.jar:"/>
    <property name="sun.cpu.endian" value="little"/>
    <property name="user.home" value="/Users/vinod.siragaon"/>
    <property name="user.language" value="en"/>
    <property name="java.specification.vendor" value="Oracle Corporation"/>
    <property name="java.home" value="/Library/Java/JavaVirtualMachines/adoptopenjdk-8.jdk/Contents/Home/jre"/>
    <property name="basedir" value="/Users/vinod.siragaon/workspace/ChessUI-Tests"/>
    <property name="file.separator" value="/"/>
    <property name="line.separator" value="&#10;"/>
    <property name="java.vm.specification.vendor" value="Oracle Corporation"/>
    <property name="java.specification.name" value="Java Platform API Specification"/>
    <property name="java.awt.graphicsenv" value="sun.awt.CGraphicsEnvironment"/>
    <property name="surefire.real.class.path" value="/Users/vinod.siragaon/workspace/ChessUI-Tests/target/surefire/surefirebooter2031188374945648112.jar"/>
    <property name="sun.boot.class.path" value="/Library/Java/JavaVirtualMachines/adoptopenjdk-8.jdk/Contents/Home/jre/lib/resources.jar:/Library/Java/JavaVirtualMachines/adoptopenjdk-8.jdk/Contents/Home/jre/lib/rt.jar:/Library/Java/JavaVirtualMachines/adoptopenjdk-8.jdk/Contents/Home/jre/lib/sunrsasign.jar:/Library/Java/JavaVirtualMachines/adoptopenjdk-8.jdk/Contents/Home/jre/lib/jsse.jar:/Library/Java/JavaVirtualMachines/adoptopenjdk-8.jdk/Contents/Home/jre/lib/jce.jar:/Library/Java/JavaVirtualMachines/adoptopenjdk-8.jdk/Contents/Home/jre/lib/charsets.jar:/Library/Java/JavaVirtualMachines/adoptopenjdk-8.jdk/Contents/Home/jre/lib/jfr.jar:/Library/Java/JavaVirtualMachines/adoptopenjdk-8.jdk/Contents/Home/jre/classes"/>
    <property name="sun.management.compiler" value="HotSpot 64-Bit Tiered Compilers"/>
    <property name="ftp.nonProxyHosts" value="local|*.local|169.254/16|*.169.254/16"/>
    <property name="java.runtime.version" value="1.8.0_222-b10"/>
    <property name="user.name" value="vinod.siragaon"/>
    <property name="path.separator" value=":"/>
    <property name="os.version" value="10.14.6"/>
    <property name="java.endorsed.dirs" value="/Library/Java/JavaVirtualMachines/adoptopenjdk-8.jdk/Contents/Home/jre/lib/endorsed"/>
    <property name="java.runtime.name" value="OpenJDK Runtime Environment"/>
    <property name="file.encoding" value="UTF-8"/>
    <property name="java.vm.name" value="OpenJDK 64-Bit Server VM"/>
    <property name="localRepository" value="/Users/vinod.siragaon/.m2/repository"/>
    <property name="java.vendor.url.bug" value="http://bugreport.sun.com/bugreport/"/>
    <property name="java.io.tmpdir" value="/var/folders/v3/lj314gw175dgcpq0pbf30f7ncff4c4/T/"/>
    <property name="java.version" value="1.8.0_222"/>
    <property name="user.dir" value="/Users/vinod.siragaon/workspace/ChessUI-Tests"/>
    <property name="os.arch" value="x86_64"/>
    <property name="java.vm.specification.name" value="Java Virtual Machine Specification"/>
    <property name="java.awt.printerjob" value="sun.lwawt.macosx.CPrinterJob"/>
    <property name="sun.os.patch.level" value="unknown"/>
    <property name="java.library.path" value="/Users/vinod.siragaon/Library/Java/Extensions:/Library/Java/Extensions:/Network/Library/Java/Extensions:/System/Library/Java/Extensions:/usr/lib/java:."/>
    <property name="java.vm.info" value="mixed mode"/>
    <property name="java.vendor" value="AdoptOpenJDK"/>
    <property name="java.vm.version" value="25.222-b10"/>
    <property name="java.ext.dirs" value="/Users/vinod.siragaon/Library/Java/Extensions:/Library/Java/JavaVirtualMachines/adoptopenjdk-8.jdk/Contents/Home/jre/lib/ext:/Library/Java/Extensions:/Network/Library/Java/Extensions:/System/Library/Java/Extensions:/usr/lib/java"/>
    <property name="sun.io.unicode.encoding" value="UnicodeBig"/>
    <property name="java.class.version" value="52.0"/>
    <property name="socksNonProxyHosts" value="local|*.local|169.254/16|*.169.254/16"/>
  </properties>
  <testcase name="I want to create a new entity" classname="Create Entity" time="4.483"/>
</testsuite>